Determining if the function sgemm_ exists failed with the following output:
Change Dir: /home/specimen49/zed/zed-opencv/cpp/build/CMakeFiles/CMakeTmp

Run Build Command(s):/usr/bin/make cmTC_7b868/fast && /usr/bin/make  -f CMakeFiles/cmTC_7b868.dir/build.make CMakeFiles/cmTC_7b868.dir/build
make[1]: Entering directory '/home/specimen49/zed/zed-opencv/cpp/build/CMakeFiles/CMakeTmp'
Building C object CMakeFiles/cmTC_7b868.dir/CheckFunctionExists.c.o
/usr/bin/cc   -DCHECK_FUNCTION_EXISTS=sgemm_   -o CMakeFiles/cmTC_7b868.dir/CheckFunctionExists.c.o   -c /usr/share/cmake-3.17/Modules/CheckFunctionExists.c
Linking C executable cmTC_7b868
/usr/bin/cmake -E cmake_link_script CMakeFiles/cmTC_7b868.dir/link.txt --verbose=1
/usr/bin/cc  -DCHECK_FUNCTION_EXISTS=sgemm_    -rdynamic CMakeFiles/cmTC_7b868.dir/CheckFunctionExists.c.o  -o cmTC_7b868 
CMakeFiles/cmTC_7b868.dir/CheckFunctionExists.c.o: In function `main':
CheckFunctionExists.c:(.text+0x10): undefined reference to `sgemm_'
collect2: error: ld returned 1 exit status
CMakeFiles/cmTC_7b868.dir/build.make:106: recipe for target 'cmTC_7b868' failed
make[1]: *** [cmTC_7b868] Error 1
make[1]: Leaving directory '/home/specimen49/zed/zed-opencv/cpp/build/CMakeFiles/CMakeTmp'
Makefile:141: recipe for target 'cmTC_7b868/fast' failed
make: *** [cmTC_7b868/fast] Error 2



Performing C SOURCE FILE Test CMAKE_HAVE_LIBC_PTHREAD failed with the following output:
Change Dir: /home/specimen49/zed/zed-opencv/cpp/build/CMakeFiles/CMakeTmp

Run Build Command(s):/usr/bin/make cmTC_9f550/fast && /usr/bin/make  -f CMakeFiles/cmTC_9f550.dir/build.make CMakeFiles/cmTC_9f550.dir/build
make[1]: Entering directory '/home/specimen49/zed/zed-opencv/cpp/build/CMakeFiles/CMakeTmp'
Building C object CMakeFiles/cmTC_9f550.dir/src.c.o
/usr/bin/cc   -DCMAKE_HAVE_LIBC_PTHREAD   -o CMakeFiles/cmTC_9f550.dir/src.c.o   -c /home/specimen49/zed/zed-opencv/cpp/build/CMakeFiles/CMakeTmp/src.c
Linking C executable cmTC_9f550
/usr/bin/cmake -E cmake_link_script CMakeFiles/cmTC_9f550.dir/link.txt --verbose=1
/usr/bin/cc  -DCMAKE_HAVE_LIBC_PTHREAD    -rdynamic CMakeFiles/cmTC_9f550.dir/src.c.o  -o cmTC_9f550 
CMakeFiles/cmTC_9f550.dir/src.c.o: In function `main':
src.c:(.text+0x3e): undefined reference to `pthread_create'
src.c:(.text+0x4a): undefined reference to `pthread_detach'
src.c:(.text+0x56): undefined reference to `pthread_cancel'
src.c:(.text+0x67): undefined reference to `pthread_join'
src.c:(.text+0x7b): undefined reference to `pthread_atfork'
collect2: error: ld returned 1 exit status
CMakeFiles/cmTC_9f550.dir/build.make:106: recipe for target 'cmTC_9f550' failed
make[1]: *** [cmTC_9f550] Error 1
make[1]: Leaving directory '/home/specimen49/zed/zed-opencv/cpp/build/CMakeFiles/CMakeTmp'
Makefile:141: recipe for target 'cmTC_9f550/fast' failed
make: *** [cmTC_9f550/fast] Error 2


Source file was:
#include <pthread.h>

void* test_func(void* data)
{
  return data;
}

int main(void)
{
  pthread_t thread;
  pthread_create(&thread, NULL, test_func, NULL);
  pthread_detach(thread);
  pthread_cancel(thread);
  pthread_join(thread, NULL);
  pthread_atfork(NULL, NULL, NULL);
  pthread_exit(NULL);

  return 0;
}

Determining if the function pthread_create exists in the pthreads failed with the following output:
Change Dir: /home/specimen49/zed/zed-opencv/cpp/build/CMakeFiles/CMakeTmp

Run Build Command(s):/usr/bin/make cmTC_3d573/fast && /usr/bin/make  -f CMakeFiles/cmTC_3d573.dir/build.make CMakeFiles/cmTC_3d573.dir/build
make[1]: Entering directory '/home/specimen49/zed/zed-opencv/cpp/build/CMakeFiles/CMakeTmp'
Building C object CMakeFiles/cmTC_3d573.dir/CheckFunctionExists.c.o
/usr/bin/cc   -DCHECK_FUNCTION_EXISTS=pthread_create   -o CMakeFiles/cmTC_3d573.dir/CheckFunctionExists.c.o   -c /usr/share/cmake-3.17/Modules/CheckFunctionExists.c
Linking C executable cmTC_3d573
/usr/bin/cmake -E cmake_link_script CMakeFiles/cmTC_3d573.dir/link.txt --verbose=1
/usr/bin/cc  -DCHECK_FUNCTION_EXISTS=pthread_create    -rdynamic CMakeFiles/cmTC_3d573.dir/CheckFunctionExists.c.o  -o cmTC_3d573  -lpthreads 
/usr/bin/ld: cannot find -lpthreads
collect2: error: ld returned 1 exit status
CMakeFiles/cmTC_3d573.dir/build.make:106: recipe for target 'cmTC_3d573' failed
make[1]: *** [cmTC_3d573] Error 1
make[1]: Leaving directory '/home/specimen49/zed/zed-opencv/cpp/build/CMakeFiles/CMakeTmp'
Makefile:141: recipe for target 'cmTC_3d573/fast' failed
make: *** [cmTC_3d573/fast] Error 2



